<?xml version="1.0" encoding="UTF-8"?>
<!-- Generated by org.testng.reporters.JUnitXMLReporter -->
<testsuite hostname="Hituj" ignored="4" name="Test" tests="9" failures="8" timestamp="05 Jul 2017 08:20:06 GMT" time="0.481" errors="0">
  <testcase name="initialize" time="0.078" classname="com.pages.TestBase">
    <failure type="java.lang.NullPointerException">
      <![CDATA[java.lang.NullPointerException
	at org.openqa.selenium.support.events.EventFiringWebDriver.extractInterfaces(EventFiringWebDriver.java:118)
	at org.openqa.selenium.support.events.EventFiringWebDriver.<init>(EventFiringWebDriver.java:90)
	at com.pages.TestBase.initialize(TestBase.java:65)
... Removed 25 stack frames]]>
    </failure>
  </testcase> <!-- initialize -->
  <testcase name="Login" time="0.01" classname="com.pages.SignON">
    <failure type="java.lang.NullPointerException">
      <![CDATA[java.lang.NullPointerException
	at com.pages.SignON.Login(SignON.java:23)
... Removed 25 stack frames]]>
    </failure>
  </testcase> <!-- Login -->
  <testcase name="initialize" time="0.009" classname="com.pages.TestBase">
    <failure type="java.lang.NullPointerException">
      <![CDATA[java.lang.NullPointerException
	at org.openqa.selenium.support.events.EventFiringWebDriver.extractInterfaces(EventFiringWebDriver.java:118)
	at org.openqa.selenium.support.events.EventFiringWebDriver.<init>(EventFiringWebDriver.java:90)
	at com.pages.TestBase.initialize(TestBase.java:65)
... Removed 25 stack frames]]>
    </failure>
  </testcase> <!-- initialize -->
  <testcase name="Register" time="0.0" classname="com.pages.HomePage_Register">
    <skipped/>
  </testcase> <!-- Register -->
  <testcase name="initialize" time="0.008" classname="com.pages.TestBase">
    <failure type="java.lang.NullPointerException">
      <![CDATA[java.lang.NullPointerException
	at org.openqa.selenium.support.events.EventFiringWebDriver.extractInterfaces(EventFiringWebDriver.java:118)
	at org.openqa.selenium.support.events.EventFiringWebDriver.<init>(EventFiringWebDriver.java:90)
	at com.pages.TestBase.initialize(TestBase.java:65)
... Removed 25 stack frames]]>
    </failure>
  </testcase> <!-- initialize -->
  <testcase name="BookFlight" time="0.007" classname="com.pages.FlightFinder">
    <failure type="java.lang.NullPointerException">
      <![CDATA[java.lang.NullPointerException
	at com.pages.FlightFinder.BookFlight(FlightFinder.java:26)
... Removed 25 stack frames]]>
    </failure>
  </testcase> <!-- BookFlight -->
  <testcase name="initialize" time="0.022" classname="com.pages.TestBase">
    <failure type="java.lang.NullPointerException">
      <![CDATA[java.lang.NullPointerException
	at org.openqa.selenium.support.events.EventFiringWebDriver.extractInterfaces(EventFiringWebDriver.java:118)
	at org.openqa.selenium.support.events.EventFiringWebDriver.<init>(EventFiringWebDriver.java:90)
	at com.pages.TestBase.initialize(TestBase.java:65)
... Removed 25 stack frames]]>
    </failure>
  </testcase> <!-- initialize -->
  <testcase name="ConfirmFlight" time="0.005" classname="com.pages.FlightBooker">
    <failure type="java.lang.NullPointerException">
      <![CDATA[java.lang.NullPointerException
	at com.pages.FlightBooker.ConfirmFlight(FlightBooker.java:24)
... Removed 25 stack frames]]>
    </failure>
  </testcase> <!-- ConfirmFlight -->
  <testcase name="initialize" time="0.015" classname="com.pages.TestBase">
    <failure type="java.lang.NullPointerException">
      <![CDATA[java.lang.NullPointerException
	at org.openqa.selenium.support.events.EventFiringWebDriver.extractInterfaces(EventFiringWebDriver.java:118)
	at org.openqa.selenium.support.events.EventFiringWebDriver.<init>(EventFiringWebDriver.java:90)
	at com.pages.TestBase.initialize(TestBase.java:65)
... Removed 25 stack frames]]>
    </failure>
  </testcase> <!-- initialize -->
  <testcase name="@AfterSuite teardown" time="0.0" classname="com.pages.TestBase">
    <ignored/>
  </testcase> <!-- @AfterSuite teardown -->
  <testcase name="@AfterSuite teardown" time="0.0" classname="com.pages.TestBase">
    <ignored/>
  </testcase> <!-- @AfterSuite teardown -->
  <testcase name="@AfterSuite teardown" time="0.0" classname="com.pages.TestBase">
    <ignored/>
  </testcase> <!-- @AfterSuite teardown -->
  <testcase name="@AfterSuite teardown" time="0.0" classname="com.pages.TestBase">
    <ignored/>
  </testcase> <!-- @AfterSuite teardown -->
</testsuite> <!-- Test -->
